Determining if the pthread_create exist failed with the following output:
Change Dir: /home/ccc_v1_w_NmY1N_85909/asn28982_2/asn28983_1/work/catkin_ws/build/CMakeFiles/CMakeTmp

Run Build Command:/usr/bin/make "cmTryCompileExec4166181139/fast"
/usr/bin/make -f CMakeFiles/cmTryCompileExec4166181139.dir/build.make CMakeFiles/cmTryCompileExec4166181139.dir/build
make[1]: Entering directory `/home/ccc_v1_w_NmY1N_85909/asn28982_2/asn28983_1/work/catkin_ws/build/CMakeFiles/CMakeTmp'
/usr/bin/cmake -E cmake_progress_report /home/ccc_v1_w_NmY1N_85909/asn28982_2/asn28983_1/work/catkin_ws/build/CMakeFiles/CMakeTmp/CMakeFiles 1
Building C object CMakeFiles/cmTryCompileExec4166181139.dir/CheckSymbolExists.c.o
/usr/bin/cc    -o CMakeFiles/cmTryCompileExec4166181139.dir/CheckSymbolExists.c.o   -c /home/ccc_v1_w_NmY1N_85909/asn28982_2/asn28983_1/work/catkin_ws/build/CMakeFiles/CMakeTmp/CheckSymbolExists.c
Linking C executable cmTryCompileExec4166181139
/usr/bin/cmake -E cmake_link_script CMakeFiles/cmTryCompileExec4166181139.dir/link.txt --verbose=1
/usr/bin/cc       CMakeFiles/cmTryCompileExec4166181139.dir/CheckSymbolExists.c.o  -o cmTryCompileExec4166181139 -rdynamic 
CMakeFiles/cmTryCompileExec4166181139.dir/CheckSymbolExists.c.o: In function `main':
CheckSymbolExists.c:(.text+0x16): undefined reference to `pthread_create'
collect2: error: ld returned 1 exit status
make[1]: *** [cmTryCompileExec4166181139] Error 1
make[1]: Leaving directory `/home/ccc_v1_w_NmY1N_85909/asn28982_2/asn28983_1/work/catkin_ws/build/CMakeFiles/CMakeTmp'
make: *** [cmTryCompileExec4166181139/fast] Error 2

File /home/ccc_v1_w_NmY1N_85909/asn28982_2/asn28983_1/work/catkin_ws/build/CMakeFiles/CMakeTmp/CheckSymbolExists.c:
/* */
#include <pthread.h>

int main(int argc, char** argv)
{
  (void)argv;
#ifndef pthread_create
  return ((int*)(&pthread_create))[argc];
#else
  (void)argc;
  return 0;
#endif
}

Determining if the function pthread_create exists in the pthreads failed with the following output:
Change Dir: /home/ccc_v1_w_NmY1N_85909/asn28982_2/asn28983_1/work/catkin_ws/build/CMakeFiles/CMakeTmp

Run Build Command:/usr/bin/make "cmTryCompileExec789286100/fast"
/usr/bin/make -f CMakeFiles/cmTryCompileExec789286100.dir/build.make CMakeFiles/cmTryCompileExec789286100.dir/build
make[1]: Entering directory `/home/ccc_v1_w_NmY1N_85909/asn28982_2/asn28983_1/work/catkin_ws/build/CMakeFiles/CMakeTmp'
/usr/bin/cmake -E cmake_progress_report /home/ccc_v1_w_NmY1N_85909/asn28982_2/asn28983_1/work/catkin_ws/build/CMakeFiles/CMakeTmp/CMakeFiles 1
Building C object CMakeFiles/cmTryCompileExec789286100.dir/CheckFunctionExists.c.o
/usr/bin/cc   -DCHECK_FUNCTION_EXISTS=pthread_create   -o CMakeFiles/cmTryCompileExec789286100.dir/CheckFunctionExists.c.o   -c /usr/share/cmake-2.8/Modules/CheckFunctionExists.c
Linking C executable cmTryCompileExec789286100
/usr/bin/cmake -E cmake_link_script CMakeFiles/cmTryCompileExec789286100.dir/link.txt --verbose=1
/usr/bin/cc   -DCHECK_FUNCTION_EXISTS=pthread_create    CMakeFiles/cmTryCompileExec789286100.dir/CheckFunctionExists.c.o  -o cmTryCompileExec789286100 -rdynamic -lpthreads 
/usr/bin/ld: cannot find -lpthreads
collect2: error: ld returned 1 exit status
make[1]: *** [cmTryCompileExec789286100] Error 1
make[1]: Leaving directory `/home/ccc_v1_w_NmY1N_85909/asn28982_2/asn28983_1/work/catkin_ws/build/CMakeFiles/CMakeTmp'
make: *** [cmTryCompileExec789286100/fast] Error 2


