Determining if the pthread_create exist failed with the following output:
Change Dir: /home/ccc_v1_w_NmY1N_85909/asn28980_1/asn28981_1/work/catkin_ws/build/CMakeFiles/CMakeTmp

Run Build Command:/usr/bin/make "cmTryCompileExec3570220957/fast"
/usr/bin/make -f CMakeFiles/cmTryCompileExec3570220957.dir/build.make CMakeFiles/cmTryCompileExec3570220957.dir/build
make[1]: Entering directory `/home/ccc_v1_w_NmY1N_85909/asn28980_1/asn28981_1/work/catkin_ws/build/CMakeFiles/CMakeTmp'
/usr/bin/cmake -E cmake_progress_report /home/ccc_v1_w_NmY1N_85909/asn28980_1/asn28981_1/work/catkin_ws/build/CMakeFiles/CMakeTmp/CMakeFiles 1
Building C object CMakeFiles/cmTryCompileExec3570220957.dir/CheckSymbolExists.c.o
/usr/bin/cc    -o CMakeFiles/cmTryCompileExec3570220957.dir/CheckSymbolExists.c.o   -c /home/ccc_v1_w_NmY1N_85909/asn28980_1/asn28981_1/work/catkin_ws/build/CMakeFiles/CMakeTmp/CheckSymbolExists.c
Linking C executable cmTryCompileExec3570220957
/usr/bin/cmake -E cmake_link_script CMakeFiles/cmTryCompileExec3570220957.dir/link.txt --verbose=1
/usr/bin/cc       CMakeFiles/cmTryCompileExec3570220957.dir/CheckSymbolExists.c.o  -o cmTryCompileExec3570220957 -rdynamic 
CMakeFiles/cmTryCompileExec3570220957.dir/CheckSymbolExists.c.o: In function `main':
CheckSymbolExists.c:(.text+0x16): undefined reference to `pthread_create'
collect2: error: ld returned 1 exit status
make[1]: *** [cmTryCompileExec3570220957] Error 1
make[1]: Leaving directory `/home/ccc_v1_w_NmY1N_85909/asn28980_1/asn28981_1/work/catkin_ws/build/CMakeFiles/CMakeTmp'
make: *** [cmTryCompileExec3570220957/fast] Error 2

File /home/ccc_v1_w_NmY1N_85909/asn28980_1/asn28981_1/work/catkin_ws/build/CMakeFiles/CMakeTmp/CheckSymbolExists.c:
/* */
#include <pthread.h>

int main(int argc, char** argv)
{
  (void)argv;
#ifndef pthread_create
  return ((int*)(&pthread_create))[argc];
#else
  (void)argc;
  return 0;
#endif
}

Determining if the function pthread_create exists in the pthreads failed with the following output:
Change Dir: /home/ccc_v1_w_NmY1N_85909/asn28980_1/asn28981_1/work/catkin_ws/build/CMakeFiles/CMakeTmp

Run Build Command:/usr/bin/make "cmTryCompileExec496590554/fast"
/usr/bin/make -f CMakeFiles/cmTryCompileExec496590554.dir/build.make CMakeFiles/cmTryCompileExec496590554.dir/build
make[1]: Entering directory `/home/ccc_v1_w_NmY1N_85909/asn28980_1/asn28981_1/work/catkin_ws/build/CMakeFiles/CMakeTmp'
/usr/bin/cmake -E cmake_progress_report /home/ccc_v1_w_NmY1N_85909/asn28980_1/asn28981_1/work/catkin_ws/build/CMakeFiles/CMakeTmp/CMakeFiles 1
Building C object CMakeFiles/cmTryCompileExec496590554.dir/CheckFunctionExists.c.o
/usr/bin/cc   -DCHECK_FUNCTION_EXISTS=pthread_create   -o CMakeFiles/cmTryCompileExec496590554.dir/CheckFunctionExists.c.o   -c /usr/share/cmake-2.8/Modules/CheckFunctionExists.c
Linking C executable cmTryCompileExec496590554
/usr/bin/cmake -E cmake_link_script CMakeFiles/cmTryCompileExec496590554.dir/link.txt --verbose=1
/usr/bin/cc   -DCHECK_FUNCTION_EXISTS=pthread_create    CMakeFiles/cmTryCompileExec496590554.dir/CheckFunctionExists.c.o  -o cmTryCompileExec496590554 -rdynamic -lpthreads 
/usr/bin/ld: cannot find -lpthreads
collect2: error: ld returned 1 exit status
make[1]: *** [cmTryCompileExec496590554] Error 1
make[1]: Leaving directory `/home/ccc_v1_w_NmY1N_85909/asn28980_1/asn28981_1/work/catkin_ws/build/CMakeFiles/CMakeTmp'
make: *** [cmTryCompileExec496590554/fast] Error 2


